<?xml version="1.0" encoding="UTF-8"?>
<!-- Generated by org.testng.reporters.JUnitXMLReporter -->
<testsuite ignored="0" hostname="BLRKEC350616L" failures="0" tests="6" name="Test" time="18.003" errors="0" timestamp="2020-09-14T15:32:41 IST">
  <testcase classname="docker.ChromeTest" name="f" time="0.027"/>
  <testcase classname="docker.FirefoxTest" name="f" time="0.035"/>
  <testcase classname="docker.FirefoxTest" name="f2" time="4.23"/>
  <testcase classname="docker.FirefoxTest" name="f3" time="0.831"/>
  <testcase classname="docker.ChromeTest" name="f2" time="9.533"/>
  <testcase classname="docker.ChromeTest" name="f3" time="0.532"/>
</testsuite> <!-- Test -->
