<?xml version="1.0" encoding="UTF-8"?>
<!-- Generated by org.testng.reporters.JUnitXMLReporter -->
<testsuite ignored="0" hostname="BLRKEC350616L" failures="0" tests="6" name="Test" time="25.921" errors="0" timestamp="2020-09-17T12:17:24 IST">
  <testcase classname="docker.ChromeTest" name="f" time="0.035"/>
  <testcase classname="docker.FirefoxTest" name="f" time="0.062"/>
  <testcase classname="docker.ChromeTest" name="f2" time="8.683"/>
  <testcase classname="docker.ChromeTest" name="f3" time="0.08"/>
  <testcase classname="docker.FirefoxTest" name="f2" time="6.055"/>
  <testcase classname="docker.FirefoxTest" name="f3" time="3.078"/>
</testsuite> <!-- Test -->
