<?xml version="1.0" encoding="UTF-8"?>
<testng-results ignored="0" total="2" passed="2" failed="0" skipped="0">
  <reporter-output>
  </reporter-output>
  <suite started-at="2020-09-10T18:05:54 IST" name="Suite" finished-at="2020-09-10T18:06:13 IST" duration-ms="19108">
    <groups>
    </groups>
    <test started-at="2020-09-10T18:05:54 IST" name="Test" finished-at="2020-09-10T18:06:13 IST" duration-ms="19108">
      <class name="docker.ChromeTest">
        <test-method signature="grid1()[pri:0, instance:docker.ChromeTest@88a4d964]" started-at="2020-09-10T18:06:08 IST" name="grid1" finished-at="2020-09-10T18:06:13 IST" duration-ms="5419" status="PASS">
          <reporter-output>
          </reporter-output>
        </test-method> <!-- grid1 -->
      </class> <!-- docker.ChromeTest -->
      <class name="docker.FirefoxTest">
        <test-method signature="grid2()[pri:0, instance:docker.FirefoxTest@7c1401a4]" started-at="2020-09-10T18:05:54 IST" name="grid2" finished-at="2020-09-10T18:06:08 IST" duration-ms="13614" status="PASS">
          <reporter-output>
          </reporter-output>
        </test-method> <!-- grid2 -->
      </class> <!-- docker.FirefoxTest -->
    </test> <!-- Test -->
  </suite> <!-- Suite -->
</testng-results>
